#
# There is insufficient memory for the Java Runtime Environment to continue.
# Native memory allocation (malloc) failed to allocate 1564416 bytes for Chunk::new
# Possible reasons:
#   The system is out of physical RAM or swap space
#   In 32 bit mode, the process size limit was hit
# Possible solutions:
#   Reduce memory load on the system
#   Increase physical memory or swap space
#   Check if swap backing store is full
#   Use 64 bit Java on a 64 bit OS
#   Decrease Java heap size (-Xmx/-Xms)
#   Decrease number of Java threads
#   Decrease Java thread stack sizes (-Xss)
#   Set larger code cache with -XX:ReservedCodeCacheSize=
# This output file may be truncated or incomplete.
#
#  Out of Memory Error (allocation.cpp:390), pid=4776, tid=7724
#
# JRE version: Java(TM) SE Runtime Environment (8.0_65-b17) (build 1.8.0_65-b17)
# Java VM: Java HotSpot(TM) 64-Bit Server VM (25.65-b01 mixed mode windows-amd64 compressed oops)
# Failed to write core dump. Minidumps are not enabled by default on client versions of Windows
#

---------------  T H R E A D  ---------------

Current thread (0x00000000171e3800):  JavaThread "C2 CompilerThread1" daemon [_thread_in_native, id=7724, stack(0x0000000017860000,0x0000000017960000)]

Stack: [0x0000000017860000,0x0000000017960000]
[error occurred during error reporting (printing stack bounds), id 0xc0000005]

Native frames: (J=compiled Java code, j=interpreted, Vv=VM code, C=native code)


Current CompileTask:
C2:   4670 1773   !   4       com.android.dx.cf.code.Ropper::processBlock (1101 bytes)


---------------  P R O C E S S  ---------------

Java Threads: ( => current thread )
  0x000000001752e000 JavaThread "pool-1-thread-4" [_thread_blocked, id=1376, stack(0x0000000018960000,0x0000000018a60000)]
  0x000000001752d000 JavaThread "pool-1-thread-3" [_thread_blocked, id=7884, stack(0x0000000018860000,0x0000000018960000)]
  0x000000001751e000 JavaThread "pool-1-thread-2" [_thread_blocked, id=1908, stack(0x0000000018760000,0x0000000018860000)]
  0x000000001751b000 JavaThread "pool-2-thread-1" [_thread_blocked, id=4008, stack(0x0000000018660000,0x0000000018760000)]
  0x000000001751a800 JavaThread "pool-1-thread-1" [_thread_blocked, id=5060, stack(0x0000000018560000,0x0000000018660000)]
  0x00000000171f5000 JavaThread "Service Thread" daemon [_thread_blocked, id=8860, stack(0x0000000017b60000,0x0000000017c60000)]
  0x00000000171ea000 JavaThread "C1 CompilerThread3" daemon [_thread_blocked, id=3500, stack(0x0000000017a60000,0x0000000017b60000)]
  0x00000000171e7800 JavaThread "C2 CompilerThread2" daemon [_thread_blocked, id=8832, stack(0x0000000017960000,0x0000000017a60000)]
=>0x00000000171e3800 JavaThread "C2 CompilerThread1" daemon [_thread_in_native, id=7724, stack(0x0000000017860000,0x0000000017960000)]
  0x000000001718b800 JavaThread "C2 CompilerThread0" daemon [_thread_in_native, id=12064, stack(0x0000000017760000,0x0000000017860000)]
  0x0000000017188000 JavaThread "Attach Listener" daemon [_thread_blocked, id=9016, stack(0x0000000017660000,0x0000000017760000)]
  0x0000000017184800 JavaThread "Signal Dispatcher" daemon [_thread_blocked, id=8496, stack(0x0000000017560000,0x0000000017660000)]
  0x00000000024d9800 JavaThread "Finalizer" daemon [_thread_blocked, id=13872, stack(0x0000000016f80000,0x0000000017080000)]
  0x00000000024d3000 JavaThread "Reference Handler" daemon [_thread_blocked, id=14144, stack(0x0000000016e80000,0x0000000016f80000)]
  0x000000000252e800 JavaThread "main" [_thread_blocked, id=9384, stack(0x0000000000b90000,0x0000000000c90000)]

Other Threads:
  0x00000000150a9000 VMThread [stack: 0x0000000016d80000,0x0000000016e80000] [id=2988]
  0x000000001721a000 WatcherThread [stack: 0x0000000017c60000,0x0000000017d60000] [id=7804]

VM state:not at safepoint (normal execution)

VM Mutex/Monitor currently owned by a thread: None

Heap:
 PSYoungGen      total 106496K, used 16345K [0x00000000eab00000, 0x00000000f1b00000, 0x0000000100000000)
  eden space 98304K, 8% used [0x00000000eab00000,0x00000000eb2fc980,0x00000000f0b00000)
  from space 8192K, 99% used [0x00000000f1300000,0x00000000f1af9c78,0x00000000f1b00000)
  to   space 8192K, 0% used [0x00000000f0b00000,0x00000000f0b00000,0x00000000f1300000)
 ParOldGen       total 131072K, used 4248K [0x00000000c0000000, 0x00000000c8000000, 0x00000000eab00000)
  object space 131072K, 3% used [0x00000000c0000000,0x00000000c0426078,0x00000000c8000000)
 Metaspace       used 6129K, capacity 7088K, committed 7296K, reserved 1056768K
  class space    used 590K, capacity 616K, committed 640K, reserved 1048576K

Card table byte_map: [0x0000000011950000,0x0000000011b60000] byte_map_base: 0x0000000011350000

Marking Bits: (ParMarkBitMap*) 0x000000005e33a5b0
 Begin Bits: [0x00000000124c0000, 0x00000000134c0000)
 End Bits:   [0x00000000134c0000, 0x00000000144c0000)

Polling page: 0x00000000023c0000

CodeCache: size=245760Kb used=7634Kb max_used=7644Kb free=238125Kb
 bounds [0x0000000002590000, 0x0000000002d10000, 0x0000000011590000]
 total_blobs=2045 nmethods=1782 adapters=176
 compilation: enabled

Compilation events (10 events):
Event: 4.451 Thread 0x00000000171e7800 1788       4       com.android.dx.util.LabeledList::getMaxLabel (47 bytes)
Event: 4.453 Thread 0x00000000171e7800 nmethod 1788 0x0000000002d08a10 code [0x0000000002d08b60, 0x0000000002d08d38]
Event: 4.455 Thread 0x00000000171e7800 1789       4       com.android.dx.cf.code.BaseMachine::getLocalTarget (151 bytes)
Event: 4.457 Thread 0x00000000171ea000 1790       3       com.android.dx.ssa.back.FirstFitLocalCombiningAllocator::rangeContainsReserved (30 bytes)
Event: 4.458 Thread 0x00000000171ea000 nmethod 1790 0x0000000002d0b790 code [0x0000000002d0b900, 0x0000000002d0bbc8]
Event: 4.468 Thread 0x00000000171e7800 nmethod 1789 0x0000000002d0dd90 code [0x0000000002d0df80, 0x0000000002d0e8b0]
Event: 4.468 Thread 0x00000000171e7800 1791       4       com.android.dx.ssa.back.FirstFitLocalCombiningAllocator::findNextUnreservedRopReg (68 bytes)
Event: 4.472 Thread 0x00000000171e7800 nmethod 1791 0x0000000002d090d0 code [0x0000000002d09240, 0x0000000002d095a8]
Event: 4.480 Thread 0x00000000171ea000 1793       3       com.android.dx.dex.file.EncodedField::<init> (25 bytes)
Event: 4.480 Thread 0x00000000171ea000 nmethod 1793 0x0000000002d0ae10 code [0x0000000002d0afa0, 0x0000000002d0b2c8]

GC Heap History (4 events):
Event: 1.609 GC heap before
{Heap before GC invocations=1 (full 0):
 PSYoungGen      total 57344K, used 49152K [0x00000000eab00000, 0x00000000eeb00000, 0x0000000100000000)
  eden space 49152K, 100% used [0x00000000eab00000,0x00000000edb00000,0x00000000edb00000)
  from space 8192K, 0% used [0x00000000ee300000,0x00000000ee300000,0x00000000eeb00000)
  to   space 8192K, 0% used [0x00000000edb00000,0x00000000edb00000,0x00000000ee300000)
 ParOldGen       total 131072K, used 0K [0x00000000c0000000, 0x00000000c8000000, 0x00000000eab00000)
  object space 131072K, 0% used [0x00000000c0000000,0x00000000c0000000,0x00000000c8000000)
 Metaspace       used 5924K, capacity 6960K, committed 7040K, reserved 1056768K
  class space    used 590K, capacity 616K, committed 640K, reserved 1048576K
Event: 2.111 GC heap after
Heap after GC invocations=1 (full 0):
 PSYoungGen      total 57344K, used 7678K [0x00000000eab00000, 0x00000000f1b00000, 0x0000000100000000)
  eden space 49152K, 0% used [0x00000000eab00000,0x00000000eab00000,0x00000000edb00000)
  from space 8192K, 93% used [0x00000000edb00000,0x00000000ee27f9c8,0x00000000ee300000)
  to   space 8192K, 0% used [0x00000000f1300000,0x00000000f1300000,0x00000000f1b00000)
 ParOldGen       total 131072K, used 16K [0x00000000c0000000, 0x00000000c8000000, 0x00000000eab00000)
  object space 131072K, 0% used [0x00000000c0000000,0x00000000c0004000,0x00000000c8000000)
 Metaspace       used 5924K, capacity 6960K, committed 7040K, reserved 1056768K
  class space    used 590K, capacity 616K, committed 640K, reserved 1048576K
}
Event: 2.977 GC heap before
{Heap before GC invocations=2 (full 0):
 PSYoungGen      total 57344K, used 56830K [0x00000000eab00000, 0x00000000f1b00000, 0x0000000100000000)
  eden space 49152K, 100% used [0x00000000eab00000,0x00000000edb00000,0x00000000edb00000)
  from space 8192K, 93% used [0x00000000edb00000,0x00000000ee27f9c8,0x00000000ee300000)
  to   space 8192K, 0% used [0x00000000f1300000,0x00000000f1300000,0x00000000f1b00000)
 ParOldGen       total 131072K, used 16K [0x00000000c0000000, 0x00000000c8000000, 0x00000000eab00000)
  object space 131072K, 0% used [0x00000000c0000000,0x00000000c0004000,0x00000000c8000000)
 Metaspace       used 6116K, capacity 7088K, committed 7296K, reserved 1056768K
  class space    used 590K, capacity 616K, committed 640K, reserved 1048576K
Event: 3.661 GC heap after
Heap after GC invocations=2 (full 0):
 PSYoungGen      total 106496K, used 8167K [0x00000000eab00000, 0x00000000f1b00000, 0x0000000100000000)
  eden space 98304K, 0% used [0x00000000eab00000,0x00000000eab00000,0x00000000f0b00000)
  from space 8192K, 99% used [0x00000000f1300000,0x00000000f1af9c78,0x00000000f1b00000)
  to   space 8192K, 0% used [0x00000000f0b00000,0x00000000f0b00000,0x00000000f1300000)
 ParOldGen       total 131072K, used 4248K [0x00000000c0000000, 0x00000000c8000000, 0x00000000eab00000)
  object space 131072K, 3% used [0x00000000c0000000,0x00000000c0426078,0x00000000c8000000)
 Metaspace       used 6116K, capacity 7088K, committed 7296K, reserved 1056768K
  class space    used 590K, capacity 616K, committed 640K, reserved 1048576K
}

Deoptimization events (10 events):
Event: 1.468 Thread 0x000000001752d000 Uncommon trap: reason=class_check action=maybe_recompile pc=0x000000000292e5a8 method=com.android.dx.rop.type.Type.equals(Ljava/lang/Object;)Z @ 8
Event: 1.489 Thread 0x000000001752d000 Uncommon trap: reason=unstable_if action=reinterpret pc=0x00000000029b1100 method=java.util.BitSet.nextSetBit(I)I @ 87
Event: 1.490 Thread 0x000000001752d000 Uncommon trap: reason=unstable_if action=reinterpret pc=0x00000000028a735c method=com.android.dx.rop.cst.Constant.compareTo(Lcom/android/dx/rop/cst/Constant;)I @ 12
Event: 2.376 Thread 0x000000001751a800 Uncommon trap: reason=unstable_if action=reinterpret pc=0x0000000002aad930 method=com.android.dx.cf.code.BytecodeArray.parseInstruction(ILcom/android/dx/cf/code/BytecodeArray$Visitor;)I @ 1198
Event: 2.528 Thread 0x000000001752d000 Uncommon trap: reason=null_check action=make_not_entrant pc=0x000000000297f3bc method=com.android.dx.ssa.SsaRenamer.getLocalForNewReg(I)Lcom/android/dx/rop/code/LocalItem; @ 19
Event: 2.529 Thread 0x000000001752d000 Uncommon trap: reason=null_check action=make_not_entrant pc=0x00000000029adc84 method=com.android.dx.ssa.SsaRenamer.getLocalForNewReg(I)Lcom/android/dx/rop/code/LocalItem; @ 19
Event: 2.882 Thread 0x000000001751a800 Uncommon trap: reason=unstable_if action=reinterpret pc=0x0000000002c1073c method=com.android.dx.rop.code.RegisterSpecSet.localItemToSpec(Lcom/android/dx/rop/code/LocalItem;)Lcom/android/dx/rop/code/RegisterSpec; @ 35
Event: 2.884 Thread 0x000000001751a800 Uncommon trap: reason=unstable_if action=reinterpret pc=0x0000000002bca060 method=com.android.dx.rop.code.RegisterSpecSet.localItemToSpec(Lcom/android/dx/rop/code/LocalItem;)Lcom/android/dx/rop/code/RegisterSpec; @ 35
Event: 3.789 Thread 0x000000001752d000 Uncommon trap: reason=unstable_if action=reinterpret pc=0x0000000002c3bd3c method=com.android.dx.rop.code.RegisterSpecSet.localItemToSpec(Lcom/android/dx/rop/code/LocalItem;)Lcom/android/dx/rop/code/RegisterSpec; @ 35
Event: 3.796 Thread 0x000000001751a800 Uncommon trap: reason=null_check action=make_not_entrant pc=0x0000000002a14be8 method=com.android.dx.rop.type.Type.equals(Ljava/lang/Object;)Z @ 8

Internal exceptions (5 events):
Event: 0.051 Thread 0x000000000252e800 Exception <a 'java/lang/NoSuchMethodError': Method sun.misc.Unsafe.defineClass(Ljava/lang/String;[BII)Ljava/lang/Class; name or signature does not match> (0x00000000eab0ded0) thrown at [C:\workspace\8-2-build-windows-amd64-cygwin\jdk8u65\4987\hotspot\src\skivj*
Event: 0.051 Thread 0x000000000252e800 Exception <a 'java/lang/NoSuchMethodError': Method sun.misc.Unsafe.prefetchRead(Ljava/lang/Object;J)V name or signature does not match> (0x00000000eab0e1b8) thrown at [C:\workspace\8-2-build-windows-amd64-cygwin\jdk8u65\4987\hotspot\src\share\vm\prims\jni.ктл╗:@
Event: 2.528 Thread 0x000000001752d000 Implicit null exception at 0x000000000297e649 to 0x000000000297f371
Event: 2.529 Thread 0x000000001752d000 Implicit null exception at 0x00000000029acd04 to 0x00000000029adc51
Event: 3.796 Thread 0x000000001751a800 Implicit null exception at 0x0000000002a14ae2 to 0x0000000002a14bda

Events (10 events):
Event: 3.789 Thread 0x000000001752d000 DEOPT UNPACKING pc=0x00000000025d582a sp=0x000000001895ee08 mode 2
Event: 3.796 Thread 0x000000001751a800 Uncommon trap: trap_request=0xfffffff4 fr.pc=0x0000000002a14be8
Event: 3.796 Thread 0x000000001751a800 DEOPT PACKING pc=0x0000000002a14be8 sp=0x000000001865e1a0
Event: 3.796 Thread 0x000000001751a800 DEOPT UNPACKING pc=0x00000000025d582a sp=0x000000001865e128 mode 2
Event: 4.195 Executing VM operation: EnableBiasedLocking
Event: 4.195 Executing VM operation: EnableBiasedLocking done
Event: 4.436 loading class com/android/dx/rop/code/RegisterSpec$1
Event: 4.436 loading class com/android/dx/rop/code/RegisterSpec$1 done
Event: 4.449 Thread 0x000000001752d000 DEOPT PACKING pc=0x00000000029e1ff5 sp=0x000000001895ee40
Event: 4.449 Thread 0x000000001752d000 DEOPT UNPACKING pc=0x00000000025d787f sp=0x000000001895eb20 mode 0


Dynamic libraries:
0x00007ff68f870000 - 0x00007ff68f8a7000 	C:\Program Files\Java\jdk1.8.0_65\bin\java.exe
0x00007ff903300000 - 0x00007ff9034ad000 	C:\WINDOWS\SYSTEM32\ntdll.dll
0x00007ff901650000 - 0x00007ff90178e000 	C:\WINDOWS\system32\KERNEL32.DLL
0x00007ff9005f0000 - 0x00007ff900705000 	C:\WINDOWS\system32\KERNELBASE.dll
0x00007ff8fefd0000 - 0x00007ff8ff05e000 	C:\WINDOWS\system32\apphelp.dll
0x00007ff8f9df0000 - 0x00007ff8f9e43000 	C:\WINDOWS\AppPatch\AppPatch64\AcGenral.DLL
0x00007ff900c80000 - 0x00007ff900d2a000 	C:\WINDOWS\system32\msvcrt.dll
0x00007ff900950000 - 0x00007ff90097e000 	C:\WINDOWS\system32\SspiCli.dll
0x00007ff900d90000 - 0x00007ff900de4000 	C:\WINDOWS\system32\SHLWAPI.dll
0x00007ff903180000 - 0x00007ff9032f7000 	C:\WINDOWS\system32\USER32.dll
0x00007ff900df0000 - 0x00007ff900f84000 	C:\WINDOWS\system32\ole32.dll
0x00007ff901c40000 - 0x00007ff903168000 	C:\WINDOWS\system32\SHELL32.dll
0x00007ff8ff9a0000 - 0x00007ff8ff9c1000 	C:\WINDOWS\SYSTEM32\USERENV.dll
0x00007ff901380000 - 0x00007ff90142a000 	C:\WINDOWS\system32\ADVAPI32.dll
0x00007ff8f7ea0000 - 0x00007ff8f7ebe000 	C:\WINDOWS\SYSTEM32\MPR.dll
0x00007ff901790000 - 0x00007ff9018d0000 	C:\WINDOWS\system32\RPCRT4.dll
0x00007ff900d30000 - 0x00007ff900d89000 	C:\WINDOWS\SYSTEM32\sechost.dll
0x00007ff901430000 - 0x00007ff901641000 	C:\WINDOWS\SYSTEM32\combase.dll
0x00007ff900b30000 - 0x00007ff900c7f000 	C:\WINDOWS\system32\GDI32.dll
0x00007ff900420000 - 0x00007ff900435000 	C:\WINDOWS\SYSTEM32\profapi.dll
0x00007ff8fec60000 - 0x00007ff8fed12000 	C:\WINDOWS\SYSTEM32\SHCORE.dll
0x00007ff900af0000 - 0x00007ff900b26000 	C:\WINDOWS\system32\IMM32.DLL
0x00007ff9011c0000 - 0x00007ff901312000 	C:\WINDOWS\system32\MSCTF.dll
0x00007ff8fe350000 - 0x00007ff8fe5cb000 	C:\WINDOWS\WinSxS\amd64_microsoft.windows.common-controls_6595b64144ccf1df_6.0.9600.18006_none_623f33d3ecbe86e8\COMCTL32.dll
0x000000005f620000 - 0x000000005f6f2000 	C:\Program Files\Java\jdk1.8.0_65\jre\bin\msvcr100.dll
0x000000005db30000 - 0x000000005e3b9000 	C:\Program Files\Java\jdk1.8.0_65\jre\bin\server\jvm.dll
0x00007ff8f7190000 - 0x00007ff8f7199000 	C:\WINDOWS\SYSTEM32\WSOCK32.dll
0x00007ff8fdea0000 - 0x00007ff8fdec2000 	C:\WINDOWS\SYSTEM32\WINMM.dll
0x00007ff8fe0e0000 - 0x00007ff8fe0ea000 	C:\WINDOWS\SYSTEM32\VERSION.dll
0x00007ff900a00000 - 0x00007ff900a07000 	C:\WINDOWS\system32\PSAPI.DLL
0x00007ff901320000 - 0x00007ff90137a000 	C:\WINDOWS\system32\WS2_32.dll
0x00007ff8fde00000 - 0x00007ff8fde2a000 	C:\WINDOWS\SYSTEM32\WINMMBASE.dll
0x00007ff903170000 - 0x00007ff903179000 	C:\WINDOWS\system32\NSI.dll
0x00007ff9005a0000 - 0x00007ff9005ef000 	C:\WINDOWS\SYSTEM32\cfgmgr32.dll
0x00007ff8ff270000 - 0x00007ff8ff298000 	C:\WINDOWS\SYSTEM32\DEVOBJ.dll
0x000000005f5f0000 - 0x000000005f5ff000 	C:\Program Files\Java\jdk1.8.0_65\jre\bin\verify.dll
0x000000005ede0000 - 0x000000005ee09000 	C:\Program Files\Java\jdk1.8.0_65\jre\bin\java.dll
0x000000005edc0000 - 0x000000005edd6000 	C:\Program Files\Java\jdk1.8.0_65\jre\bin\zip.dll

VM Arguments:
jvm_args: -Djava.awt.headless=true -Xmx1024M -Dfile.encoding=windows-1252 -Duser.country=US -Duser.language=en -Duser.variant 
java_command: com.android.dx.command.Main --dex --num-threads=4 --output E:\5 Android Projects\Codepath\Week3\Twitter client\app\build\intermediates\pre-dexed\debug\classes_0e63ed52f35a25c7b80d5117790d6aeeb4961011.jar C:\Users\zarko.runjevac\.android\build-cache\5baf893cf6617e4fb0400f44ecc1d8a0f73447e0\output\jars\classes.jar
java_class_path (initial): F:\Development\Android\sdk\build-tools\25.0.3\lib\dx.jar
Launcher Type: SUN_STANDARD

Environment Variables:
JAVA_HOME=C:\Program Files\Java\jdk1.7.0_51
PATH=C:\Program Files (x86)\ImageMagick-6.9.0-Q16;C:\Program Files (x86)\iis express\PHP\v5.5;C:\Program Files (x86)\iis express\PHP\v5.5;C:\Program Files\PHP\v7.0;C:\Program Files (x86)\iis express\PHP\v5.4;C:\ProgramData\Oracle\Java\javapath;C:\Program Files (x86)\iis express\PHP\v5.4;C:\WINDOWS\system32;C:\WINDOWS;C:\WINDOWS\System32\Wbem;C:\WINDOWS\System32\WindowsPowerShell\v1.0\;C:\WINDOWS\idmu\common;C:\Program Files\Microsoft\Web Platform Installer\;C:\Program Files (x86)\Microsoft ASP.NET\ASP.NET Web Pages\v1.0\;C:\Program Files\Microsoft SQL Server\110\Tools\Binn\;C:\Program Files (x86)\Microsoft SQL Server\110\Tools\Binn\ManagementStudio\;C:\Program Files (x86)\Microsoft SQL Server\110\Tools\Binn\;C:\Program Files (x86)\Microsoft SQL Server\110\DTS\Binn\;C:\Program Files (x86)\Dell\SysMgt\shared\bin;C:\Program Files (x86)\QuickTime\QTSystem\;C:\Program Files (x86)\Nmap;C:\Program Files\MySQL\MySQL Server 5.1\bin;C:\Program Files (x86)\Windows Kits\8.1\Windows Performance Toolkit\;C:\Program Files (x86)\Skype\Phone\;C:\Program Files (x86)\Windows Live\Shared;C:\Program Files\PostgreSQL\pg96\bin;C:\Program Files\Git\cmd;C:\ProgramData\chocolatey\bin;C:\Ruby23-x64\bin;C:\RailsInstaller\Git\cmd;C:\Program Files (x86)\Nmap;C:\phantomjs-2.1.1-windows\bin;C:\Users\zarko.runjevac\AppData\Roaming\npm;C:\Program Files (x86)\Microsoft VS Code\bin;C:\Program Files\nodejs;C:\Program Files\Java\jdk1.8.0_65\bin;C:\Program Files\MongoDB\Server\3.2\bin;C:\Program Files\chromedriver_win32;C:\Program Files\Heroku\bin;C:\Program Files (x86)\Mozilla Firefox;C:\Program Files (x86)\GnuWin32\bin
USERNAME=zarko.runjevac
OS=Windows_NT
PROCESSOR_IDENTIFIER=Intel64 Family 6 Model 60 Stepping 3, GenuineIntel



---------------  S Y S T E M  ---------------

OS: Windows 8.1 , 64 bit Build 9600 (6.3.9600.17415)

CPU:total 8 (4 cores per cpu, 2 threads per core) family 6 model 60 stepping 3, cmov, cx8, fxsr, mmx, sse, sse2, sse3, ssse3, sse4.1, sse4.2, popcnt, avx, avx2, aes, clmul, erms, rtm, lzcnt, ht, tsc, tscinvbit, bmi1, bmi2

Memory: 4k page, physical 12532960k(709520k free), swap 15678688k(5164k free)

vm_info: Java HotSpot(TM) 64-Bit Server VM (25.65-b01) for windows-amd64 JRE (1.8.0_65-b17), built on Oct  6 2015 16:39:20 by "java_re" with MS VC++ 10.0 (VS2010)

time: Tue Oct 17 14:29:37 2017
elapsed time: 4 seconds (0d 0h 0m 4s)

