#
# There is insufficient memory for the Java Runtime Environment to continue.
# Native memory allocation (malloc) failed to allocate 817856 bytes for Chunk::new
# Possible reasons:
#   The system is out of physical RAM or swap space
#   In 32 bit mode, the process size limit was hit
# Possible solutions:
#   Reduce memory load on the system
#   Increase physical memory or swap space
#   Check if swap backing store is full
#   Use 64 bit Java on a 64 bit OS
#   Decrease Java heap size (-Xmx/-Xms)
#   Decrease number of Java threads
#   Decrease Java thread stack sizes (-Xss)
#   Set larger code cache with -XX:ReservedCodeCacheSize=
# This output file may be truncated or incomplete.
#
#  Out of Memory Error (allocation.cpp:390), pid=14140, tid=9964
#
# JRE version: Java(TM) SE Runtime Environment (8.0_65-b17) (build 1.8.0_65-b17)
# Java VM: Java HotSpot(TM) 64-Bit Server VM (25.65-b01 mixed mode windows-amd64 compressed oops)
# Failed to write core dump. Minidumps are not enabled by default on client versions of Windows
#

---------------  T H R E A D  ---------------

Current thread (0x00000000176b2000):  JavaThread "C2 CompilerThread2" daemon [_thread_in_native, id=9964, stack(0x0000000017e80000,0x0000000017f80000)]

Stack: [0x0000000017e80000,0x0000000017f80000]
[error occurred during error reporting (printing stack bounds), id 0xc0000005]

Native frames: (J=compiled Java code, j=interpreted, Vv=VM code, C=native code)


Current CompileTask:
C2:   1482 1301       4       com.android.dx.ssa.SCCP::simulateBranch (666 bytes)


---------------  P R O C E S S  ---------------

Java Threads: ( => current thread )
  0x000000001795b000 JavaThread "pool-1-thread-4" [_thread_in_Java, id=4576, stack(0x0000000018e80000,0x0000000018f80000)]
  0x0000000017a7d800 JavaThread "pool-1-thread-3" [_thread_blocked, id=13256, stack(0x0000000018d80000,0x0000000018e80000)]
  0x0000000017a7c000 JavaThread "pool-1-thread-2" [_thread_blocked, id=5716, stack(0x0000000018c80000,0x0000000018d80000)]
  0x0000000017998800 JavaThread "pool-2-thread-1" [_thread_blocked, id=11424, stack(0x0000000018b80000,0x0000000018c80000)]
  0x0000000017996800 JavaThread "pool-1-thread-1" [_thread_blocked, id=8796, stack(0x0000000018a80000,0x0000000018b80000)]
  0x0000000017756000 JavaThread "Service Thread" daemon [_thread_blocked, id=12772, stack(0x0000000018080000,0x0000000018180000)]
  0x00000000176ea000 JavaThread "C1 CompilerThread3" daemon [_thread_blocked, id=3048, stack(0x0000000017f80000,0x0000000018080000)]
=>0x00000000176b2000 JavaThread "C2 CompilerThread2" daemon [_thread_in_native, id=9964, stack(0x0000000017e80000,0x0000000017f80000)]
  0x00000000176ae000 JavaThread "C2 CompilerThread1" daemon [_thread_blocked, id=9448, stack(0x0000000017d80000,0x0000000017e80000)]
  0x00000000176aa800 JavaThread "C2 CompilerThread0" daemon [_thread_blocked, id=2964, stack(0x0000000017c80000,0x0000000017d80000)]
  0x00000000176a7800 JavaThread "Attach Listener" daemon [_thread_blocked, id=2760, stack(0x0000000017b80000,0x0000000017c80000)]
  0x00000000156c1000 JavaThread "Signal Dispatcher" daemon [_thread_blocked, id=9944, stack(0x0000000017a80000,0x0000000017b80000)]
  0x0000000002b9b800 JavaThread "Finalizer" daemon [_thread_blocked, id=10000, stack(0x0000000017580000,0x0000000017680000)]
  0x0000000002b93000 JavaThread "Reference Handler" daemon [_thread_blocked, id=5104, stack(0x0000000017480000,0x0000000017580000)]
  0x00000000028ae800 JavaThread "main" [_thread_blocked, id=6516, stack(0x00000000029a0000,0x0000000002aa0000)]

Other Threads:
  0x00000000156b9800 VMThread [stack: 0x0000000017380000,0x0000000017480000] [id=3768]
  0x000000001775c000 WatcherThread [stack: 0x0000000018180000,0x0000000018280000] [id=2176]

VM state:not at safepoint (normal execution)

VM Mutex/Monitor currently owned by a thread: None

Heap:
 PSYoungGen      total 57344K, used 34408K [0x00000000eab00000, 0x00000000eeb00000, 0x0000000100000000)
  eden space 49152K, 70% used [0x00000000eab00000,0x00000000ecc9a3d0,0x00000000edb00000)
  from space 8192K, 0% used [0x00000000ee300000,0x00000000ee300000,0x00000000eeb00000)
  to   space 8192K, 0% used [0x00000000edb00000,0x00000000edb00000,0x00000000ee300000)
 ParOldGen       total 131072K, used 0K [0x00000000c0000000, 0x00000000c8000000, 0x00000000eab00000)
  object space 131072K, 0% used [0x00000000c0000000,0x00000000c0000000,0x00000000c8000000)
 Metaspace       used 5928K, capacity 6960K, committed 7040K, reserved 1056768K
  class space    used 590K, capacity 616K, committed 640K, reserved 1048576K

Card table byte_map: [0x0000000011f60000,0x0000000012170000] byte_map_base: 0x0000000011960000

Marking Bits: (ParMarkBitMap*) 0x000000005e33a5b0
 Begin Bits: [0x0000000012ad0000, 0x0000000013ad0000)
 End Bits:   [0x0000000013ad0000, 0x0000000014ad0000)

Polling page: 0x00000000027c0000

CodeCache: size=245760Kb used=5364Kb max_used=5377Kb free=240395Kb
 bounds [0x0000000002ba0000, 0x00000000030f0000, 0x0000000011ba0000]
 total_blobs=1569 nmethods=1306 adapters=176
 compilation: enabled

Compilation events (10 events):
Event: 1.466 Thread 0x00000000176ea000 1304       3       com.android.dx.cf.direct.DirectClassFile::getAccessFlags (9 bytes)
Event: 1.466 Thread 0x00000000176ea000 nmethod 1304 0x00000000030c0b90 code [0x00000000030c0d00, 0x00000000030c0f48]
Event: 1.466 Thread 0x00000000176ea000 1305       3       com.android.dx.cf.direct.DirectClassFile::getAttributes (9 bytes)
Event: 1.466 Thread 0x00000000176ea000 nmethod 1305 0x00000000030c0710 code [0x00000000030c0880, 0x00000000030c0ac8]
Event: 1.477 Thread 0x00000000176aa800 nmethod 1302 0x00000000030e3a50 code [0x00000000030e3d20, 0x00000000030e5470]
Event: 1.481 Thread 0x00000000176ea000 1306       3       com.android.dx.cf.code.LocalVariableList$Item::getLocalItem (12 bytes)
Event: 1.481 Thread 0x00000000176ea000 nmethod 1306 0x00000000030c0010 code [0x00000000030c0180, 0x00000000030c04f0]
Event: 1.481 Thread 0x00000000176ea000 1307       3       com.android.dx.rop.code.LocalItem::make (20 bytes)
Event: 1.481 Thread 0x00000000176ea000 nmethod 1307 0x00000000030c7810 code [0x00000000030c7980, 0x00000000030c7c70]
Event: 1.481 Thread 0x00000000176ea000 1308       3       com.android.dx.rop.code.LocalItem::<init> (15 bytes)

GC Heap History (0 events):
No events

Deoptimization events (4 events):
Event: 0.604 Thread 0x0000000017a7d800 Uncommon trap: reason=unstable_if action=reinterpret pc=0x0000000002dcb7d8 method=java.util.HashMap.getNode(ILjava/lang/Object;)Ljava/util/HashMap$Node; @ 129
Event: 0.768 Thread 0x000000001795b000 Uncommon trap: reason=unstable_if action=reinterpret pc=0x0000000002dbcfb0 method=java.util.BitSet.nextSetBit(I)I @ 87
Event: 1.068 Thread 0x0000000017a7d800 Uncommon trap: reason=bimorphic action=maybe_recompile pc=0x0000000002e826a4 method=java.util.HashMap.getNode(ILjava/lang/Object;)Ljava/util/HashMap$Node; @ 126
Event: 1.372 Thread 0x000000001795b000 Uncommon trap: reason=unstable_if action=reinterpret pc=0x0000000002ea0e5c method=com.android.dx.rop.cst.Constant.compareTo(Lcom/android/dx/rop/cst/Constant;)I @ 12

Internal exceptions (2 events):
Event: 0.032 Thread 0x00000000028ae800 Exception <a 'java/lang/NoSuchMethodError': Method sun.misc.Unsafe.defineClass(Ljava/lang/String;[BII)Ljava/lang/Class; name or signature does not match> (0x00000000eab0dc18) thrown at [C:\workspace\8-2-build-windows-amd64-cygwin\jdk8u65\4987\hotspot\src\sÎo	0¾i ?
Event: 0.032 Thread 0x00000000028ae800 Exception <a 'java/lang/NoSuchMethodError': Method sun.misc.Unsafe.prefetchRead(Ljava/lang/Object;J)V name or signature does not match> (0x00000000eab0df00) thrown at [C:\workspace\8-2-build-windows-amd64-cygwin\jdk8u65\4987\hotspot\src\share\vm\prims\jni.

Events (10 events):
Event: 1.068 Thread 0x0000000017a7d800 DEOPT UNPACKING pc=0x0000000002be582a sp=0x0000000018e7e680 mode 2
Event: 1.083 loading class com/android/dx/cf/code/SwitchList
Event: 1.083 loading class com/android/dx/cf/code/SwitchList done
Event: 1.088 Executing VM operation: ForceSafepoint
Event: 1.090 Executing VM operation: ForceSafepoint done
Event: 1.365 loading class com/android/dx/cf/attrib/AttLocalVariableTypeTable
Event: 1.365 loading class com/android/dx/cf/attrib/AttLocalVariableTypeTable done
Event: 1.372 Thread 0x000000001795b000 Uncommon trap: trap_request=0xffffff65 fr.pc=0x0000000002ea0e5c
Event: 1.372 Thread 0x000000001795b000 DEOPT PACKING pc=0x0000000002ea0e5c sp=0x0000000018f7e630
Event: 1.372 Thread 0x000000001795b000 DEOPT UNPACKING pc=0x0000000002be582a sp=0x0000000018f7e5d0 mode 2


Dynamic libraries:
0x00007ff68f870000 - 0x00007ff68f8a7000 	C:\Program Files\Java\jdk1.8.0_65\bin\java.exe
0x00007ff903300000 - 0x00007ff9034ad000 	C:\WINDOWS\SYSTEM32\ntdll.dll
0x00007ff901650000 - 0x00007ff90178e000 	C:\WINDOWS\system32\KERNEL32.DLL
0x00007ff9005f0000 - 0x00007ff900705000 	C:\WINDOWS\system32\KERNELBASE.dll
0x00007ff8fefd0000 - 0x00007ff8ff05e000 	C:\WINDOWS\system32\apphelp.dll
0x00007ff8f9df0000 - 0x00007ff8f9e43000 	C:\WINDOWS\AppPatch\AppPatch64\AcGenral.DLL
0x00007ff900c80000 - 0x00007ff900d2a000 	C:\WINDOWS\system32\msvcrt.dll
0x00007ff900950000 - 0x00007ff90097e000 	C:\WINDOWS\system32\SspiCli.dll
0x00007ff900d90000 - 0x00007ff900de4000 	C:\WINDOWS\system32\SHLWAPI.dll
0x00007ff903180000 - 0x00007ff9032f7000 	C:\WINDOWS\system32\USER32.dll
0x00007ff900df0000 - 0x00007ff900f84000 	C:\WINDOWS\system32\ole32.dll
0x00007ff901c40000 - 0x00007ff903168000 	C:\WINDOWS\system32\SHELL32.dll
0x00007ff8ff9a0000 - 0x00007ff8ff9c1000 	C:\WINDOWS\SYSTEM32\USERENV.dll
0x00007ff901380000 - 0x00007ff90142a000 	C:\WINDOWS\system32\ADVAPI32.dll
0x00007ff8f7ea0000 - 0x00007ff8f7ebe000 	C:\WINDOWS\SYSTEM32\MPR.dll
0x00007ff901790000 - 0x00007ff9018d0000 	C:\WINDOWS\system32\RPCRT4.dll
0x00007ff900d30000 - 0x00007ff900d89000 	C:\WINDOWS\SYSTEM32\sechost.dll
0x00007ff901430000 - 0x00007ff901641000 	C:\WINDOWS\SYSTEM32\combase.dll
0x00007ff900b30000 - 0x00007ff900c7f000 	C:\WINDOWS\system32\GDI32.dll
0x00007ff900420000 - 0x00007ff900435000 	C:\WINDOWS\SYSTEM32\profapi.dll
0x00007ff8fec60000 - 0x00007ff8fed12000 	C:\WINDOWS\SYSTEM32\SHCORE.dll
0x00007ff900af0000 - 0x00007ff900b26000 	C:\WINDOWS\system32\IMM32.DLL
0x00007ff9011c0000 - 0x00007ff901312000 	C:\WINDOWS\system32\MSCTF.dll
0x00007ff8fe350000 - 0x00007ff8fe5cb000 	C:\WINDOWS\WinSxS\amd64_microsoft.windows.common-controls_6595b64144ccf1df_6.0.9600.18006_none_623f33d3ecbe86e8\COMCTL32.dll
0x000000005f620000 - 0x000000005f6f2000 	C:\Program Files\Java\jdk1.8.0_65\jre\bin\msvcr100.dll
0x000000005db30000 - 0x000000005e3b9000 	C:\Program Files\Java\jdk1.8.0_65\jre\bin\server\jvm.dll
0x00007ff8f7190000 - 0x00007ff8f7199000 	C:\WINDOWS\SYSTEM32\WSOCK32.dll
0x00007ff8fdea0000 - 0x00007ff8fdec2000 	C:\WINDOWS\SYSTEM32\WINMM.dll
0x00007ff8fe0e0000 - 0x00007ff8fe0ea000 	C:\WINDOWS\SYSTEM32\VERSION.dll
0x00007ff900a00000 - 0x00007ff900a07000 	C:\WINDOWS\system32\PSAPI.DLL
0x00007ff901320000 - 0x00007ff90137a000 	C:\WINDOWS\system32\WS2_32.dll
0x00007ff8fde00000 - 0x00007ff8fde2a000 	C:\WINDOWS\SYSTEM32\WINMMBASE.dll
0x00007ff903170000 - 0x00007ff903179000 	C:\WINDOWS\system32\NSI.dll
0x00007ff9005a0000 - 0x00007ff9005ef000 	C:\WINDOWS\SYSTEM32\cfgmgr32.dll
0x00007ff8ff270000 - 0x00007ff8ff298000 	C:\WINDOWS\SYSTEM32\DEVOBJ.dll
0x000000005f5f0000 - 0x000000005f5ff000 	C:\Program Files\Java\jdk1.8.0_65\jre\bin\verify.dll
0x000000005ede0000 - 0x000000005ee09000 	C:\Program Files\Java\jdk1.8.0_65\jre\bin\java.dll
0x000000005edc0000 - 0x000000005edd6000 	C:\Program Files\Java\jdk1.8.0_65\jre\bin\zip.dll

VM Arguments:
jvm_args: -Djava.awt.headless=true -Xmx1024M -Dfile.encoding=windows-1252 -Duser.country=US -Duser.language=en -Duser.variant 
java_command: com.android.dx.command.Main --dex --num-threads=4 --output E:\5 Android Projects\Codepath\Week3\Twitter client\app\build\intermediates\pre-dexed\debug\classes_f21140b1cc0368a324f45acdb49d6930c9b08f13.jar C:\Users\zarko.runjevac\.android\build-cache\7e8a2d0567ea58c819821552b79d8b1637c3fd09\output\jars\classes.jar
java_class_path (initial): F:\Development\Android\sdk\build-tools\25.0.3\lib\dx.jar
Launcher Type: SUN_STANDARD

Environment Variables:
JAVA_HOME=C:\Program Files\Java\jdk1.7.0_51
PATH=C:\Program Files (x86)\ImageMagick-6.9.0-Q16;C:\Program Files (x86)\iis express\PHP\v5.5;C:\Program Files (x86)\iis express\PHP\v5.5;C:\Program Files\PHP\v7.0;C:\Program Files (x86)\iis express\PHP\v5.4;C:\ProgramData\Oracle\Java\javapath;C:\Program Files (x86)\iis express\PHP\v5.4;C:\WINDOWS\system32;C:\WINDOWS;C:\WINDOWS\System32\Wbem;C:\WINDOWS\System32\WindowsPowerShell\v1.0\;C:\WINDOWS\idmu\common;C:\Program Files\Microsoft\Web Platform Installer\;C:\Program Files (x86)\Microsoft ASP.NET\ASP.NET Web Pages\v1.0\;C:\Program Files\Microsoft SQL Server\110\Tools\Binn\;C:\Program Files (x86)\Microsoft SQL Server\110\Tools\Binn\ManagementStudio\;C:\Program Files (x86)\Microsoft SQL Server\110\Tools\Binn\;C:\Program Files (x86)\Microsoft SQL Server\110\DTS\Binn\;C:\Program Files (x86)\Dell\SysMgt\shared\bin;C:\Program Files (x86)\QuickTime\QTSystem\;C:\Program Files (x86)\Nmap;C:\Program Files\MySQL\MySQL Server 5.1\bin;C:\Program Files (x86)\Windows Kits\8.1\Windows Performance Toolkit\;C:\Program Files (x86)\Skype\Phone\;C:\Program Files (x86)\Windows Live\Shared;C:\Program Files\PostgreSQL\pg96\bin;C:\Program Files\Git\cmd;C:\ProgramData\chocolatey\bin;C:\Ruby23-x64\bin;C:\RailsInstaller\Git\cmd;C:\Program Files (x86)\Nmap;C:\phantomjs-2.1.1-windows\bin;C:\Users\zarko.runjevac\AppData\Roaming\npm;C:\Program Files (x86)\Microsoft VS Code\bin;C:\Program Files\nodejs;C:\Program Files\Java\jdk1.8.0_65\bin;C:\Program Files\MongoDB\Server\3.2\bin;C:\Program Files\chromedriver_win32;C:\Program Files\Heroku\bin;C:\Program Files (x86)\Mozilla Firefox;C:\Program Files (x86)\GnuWin32\bin
USERNAME=zarko.runjevac
OS=Windows_NT
PROCESSOR_IDENTIFIER=Intel64 Family 6 Model 60 Stepping 3, GenuineIntel



---------------  S Y S T E M  ---------------

OS: Windows 8.1 , 64 bit Build 9600 (6.3.9600.17415)

CPU:total 8 (4 cores per cpu, 2 threads per core) family 6 model 60 stepping 3, cmov, cx8, fxsr, mmx, sse, sse2, sse3, ssse3, sse4.1, sse4.2, popcnt, avx, avx2, aes, clmul, erms, rtm, lzcnt, ht, tsc, tscinvbit, bmi1, bmi2

Memory: 4k page, physical 12532960k(771264k free), swap 15678688k(5432k free)

vm_info: Java HotSpot(TM) 64-Bit Server VM (25.65-b01) for windows-amd64 JRE (1.8.0_65-b17), built on Oct  6 2015 16:39:20 by "java_re" with MS VC++ 10.0 (VS2010)

time: Tue Oct 17 14:29:47 2017
elapsed time: 1 seconds (0d 0h 0m 1s)

