#
# There is insufficient memory for the Java Runtime Environment to continue.
# Native memory allocation (malloc) failed to allocate 69072 bytes for Chunk::new
# Possible reasons:
#   The system is out of physical RAM or swap space
#   In 32 bit mode, the process size limit was hit
# Possible solutions:
#   Reduce memory load on the system
#   Increase physical memory or swap space
#   Check if swap backing store is full
#   Use 64 bit Java on a 64 bit OS
#   Decrease Java heap size (-Xmx/-Xms)
#   Decrease number of Java threads
#   Decrease Java thread stack sizes (-Xss)
#   Set larger code cache with -XX:ReservedCodeCacheSize=
# This output file may be truncated or incomplete.
#
#  Out of Memory Error (allocation.cpp:390), pid=5060, tid=1188
#
# JRE version: Java(TM) SE Runtime Environment (8.0_65-b17) (build 1.8.0_65-b17)
# Java VM: Java HotSpot(TM) 64-Bit Server VM (25.65-b01 mixed mode windows-amd64 compressed oops)
# Failed to write core dump. Minidumps are not enabled by default on client versions of Windows
#

---------------  T H R E A D  ---------------

Current thread (0x000000001752c800):  JavaThread "C2 CompilerThread2" daemon [_thread_in_native, id=1188, stack(0x0000000017ca0000,0x0000000017da0000)]

Stack: [0x0000000017ca0000,0x0000000017da0000]
[error occurred during error reporting (printing stack bounds), id 0xc0000005]

Native frames: (J=compiled Java code, j=interpreted, Vv=VM code, C=native code)


Current CompileTask:
C2:   2013 1539   !   4       com.android.dx.cf.code.Ropper::processBlock (1101 bytes)


---------------  P R O C E S S  ---------------

Java Threads: ( => current thread )
  0x00000000177be000 JavaThread "pool-1-thread-3" [_thread_blocked, id=11956, stack(0x0000000018ba0000,0x0000000018ca0000)]
  0x00000000182e8000 JavaThread "pool-1-thread-2" [_thread_blocked, id=3716, stack(0x0000000018aa0000,0x0000000018ba0000)]
  0x00000000176a1000 JavaThread "pool-2-thread-1" [_thread_blocked, id=12648, stack(0x00000000181a0000,0x00000000182a0000)]
  0x000000001769b800 JavaThread "pool-1-thread-1" [_thread_blocked, id=12860, stack(0x00000000180a0000,0x00000000181a0000)]
  0x0000000017537000 JavaThread "Service Thread" daemon [_thread_blocked, id=11360, stack(0x0000000017ea0000,0x0000000017fa0000)]
  0x000000001752f000 JavaThread "C1 CompilerThread3" daemon [_thread_blocked, id=14156, stack(0x0000000017da0000,0x0000000017ea0000)]
=>0x000000001752c800 JavaThread "C2 CompilerThread2" daemon [_thread_in_native, id=1188, stack(0x0000000017ca0000,0x0000000017da0000)]
  0x0000000017528800 JavaThread "C2 CompilerThread1" daemon [_thread_blocked, id=7660, stack(0x0000000017ba0000,0x0000000017ca0000)]
  0x00000000174ca800 JavaThread "C2 CompilerThread0" daemon [_thread_in_native, id=6232, stack(0x0000000017aa0000,0x0000000017ba0000)]
  0x00000000174c7800 JavaThread "Attach Listener" daemon [_thread_blocked, id=3360, stack(0x00000000179a0000,0x0000000017aa0000)]
  0x00000000153ef000 JavaThread "Signal Dispatcher" daemon [_thread_blocked, id=13576, stack(0x00000000178a0000,0x00000000179a0000)]
  0x00000000028c4000 JavaThread "Finalizer" daemon [_thread_blocked, id=11828, stack(0x00000000172c0000,0x00000000173c0000)]
  0x00000000028c3000 JavaThread "Reference Handler" daemon [_thread_blocked, id=11504, stack(0x00000000171c0000,0x00000000172c0000)]
  0x00000000027ce800 JavaThread "main" [_thread_blocked, id=8764, stack(0x00000000025f0000,0x00000000026f0000)]

Other Threads:
  0x00000000153e9000 VMThread [stack: 0x00000000170c0000,0x00000000171c0000] [id=12828]
  0x000000001755a800 WatcherThread [stack: 0x0000000017fa0000,0x00000000180a0000] [id=12152]

VM state:not at safepoint (normal execution)

VM Mutex/Monitor currently owned by a thread:  ([mutex/lock_event])
[0x00000000027cd310] Heap_lock - owner thread: 0x00000000182e8000

Heap:
 PSYoungGen      total 106496K, used 8167K [0x00000000eab00000, 0x00000000f1b00000, 0x0000000100000000)
  eden space 98304K, 0% used [0x00000000eab00000,0x00000000eab00018,0x00000000f0b00000)
  from space 8192K, 99% used [0x00000000f1300000,0x00000000f1af9de8,0x00000000f1b00000)
  to   space 8192K, 0% used [0x00000000f0b00000,0x00000000f0b00000,0x00000000f1300000)
 ParOldGen       total 131072K, used 6534K [0x00000000c0000000, 0x00000000c8000000, 0x00000000eab00000)
  object space 131072K, 4% used [0x00000000c0000000,0x00000000c0661ab8,0x00000000c8000000)
 Metaspace       used 6040K, capacity 7088K, committed 7296K, reserved 1056768K
  class space    used 590K, capacity 616K, committed 640K, reserved 1048576K

Card table byte_map: [0x0000000011c90000,0x0000000011ea0000] byte_map_base: 0x0000000011690000

Marking Bits: (ParMarkBitMap*) 0x000000005e33a5b0
 Begin Bits: [0x0000000012800000, 0x0000000013800000)
 End Bits:   [0x0000000013800000, 0x0000000014800000)

Polling page: 0x0000000002560000

CodeCache: size=245760Kb used=6667Kb max_used=6667Kb free=239092Kb
 bounds [0x00000000028d0000, 0x0000000002f60000, 0x00000000118d0000]
 total_blobs=1791 nmethods=1526 adapters=176
 compilation: enabled

Compilation events (10 events):
Event: 1.560 Thread 0x000000001752f000 1556       2       com.android.dx.ssa.back.FirstFitLocalCombiningAllocator::handleCheckCastResults (413 bytes)
Event: 1.562 Thread 0x000000001752f000 nmethod 1556 0x0000000002f4f210 code [0x0000000002f4f5e0, 0x0000000002f507d8]
Event: 1.567 Thread 0x000000001752f000 1560       2       com.android.dx.rop.cst.CstType::getType (4 bytes)
Event: 1.567 Thread 0x000000001752f000 nmethod 1560 0x0000000002f40290 code [0x0000000002f403e0, 0x0000000002f40530]
Event: 1.568 Thread 0x000000001752f000 1561       2       com.android.dx.util.LabeledList::removeLabel (10 bytes)
Event: 1.569 Thread 0x000000001752f000 nmethod 1561 0x0000000002f45110 code [0x0000000002f45280, 0x0000000002f45408]
Event: 1.569 Thread 0x000000001752f000 1562       2       com.android.dx.ssa.SCCP::simulateMath (424 bytes)
Event: 1.570 Thread 0x000000001752f000 nmethod 1562 0x0000000002f43ed0 code [0x0000000002f440e0, 0x0000000002f44828]
Event: 1.571 Thread 0x000000001752f000 1563       2       java.lang.Thread::interrupted (8 bytes)
Event: 1.571 Thread 0x000000001752f000 nmethod 1563 0x0000000002f43b50 code [0x0000000002f43cc0, 0x0000000002f43e28]

GC Heap History (4 events):
Event: 0.941 GC heap before
{Heap before GC invocations=1 (full 0):
 PSYoungGen      total 57344K, used 49152K [0x00000000eab00000, 0x00000000eeb00000, 0x0000000100000000)
  eden space 49152K, 100% used [0x00000000eab00000,0x00000000edb00000,0x00000000edb00000)
  from space 8192K, 0% used [0x00000000ee300000,0x00000000ee300000,0x00000000eeb00000)
  to   space 8192K, 0% used [0x00000000edb00000,0x00000000edb00000,0x00000000ee300000)
 ParOldGen       total 131072K, used 0K [0x00000000c0000000, 0x00000000c8000000, 0x00000000eab00000)
  object space 131072K, 0% used [0x00000000c0000000,0x00000000c0000000,0x00000000c8000000)
 Metaspace       used 5916K, capacity 7024K, committed 7296K, reserved 1056768K
  class space    used 589K, capacity 616K, committed 640K, reserved 1048576K
Event: 1.027 GC heap after
Heap after GC invocations=1 (full 0):
 PSYoungGen      total 57344K, used 8163K [0x00000000eab00000, 0x00000000f1b00000, 0x0000000100000000)
  eden space 49152K, 0% used [0x00000000eab00000,0x00000000eab00000,0x00000000edb00000)
  from space 8192K, 99% used [0x00000000edb00000,0x00000000ee2f8f88,0x00000000ee300000)
  to   space 8192K, 0% used [0x00000000f1300000,0x00000000f1300000,0x00000000f1b00000)
 ParOldGen       total 131072K, used 1503K [0x00000000c0000000, 0x00000000c8000000, 0x00000000eab00000)
  object space 131072K, 1% used [0x00000000c0000000,0x00000000c0177f60,0x00000000c8000000)
 Metaspace       used 5916K, capacity 7024K, committed 7296K, reserved 1056768K
  class space    used 589K, capacity 616K, committed 640K, reserved 1048576K
}
Event: 1.586 GC heap before
{Heap before GC invocations=2 (full 0):
 PSYoungGen      total 57344K, used 57315K [0x00000000eab00000, 0x00000000f1b00000, 0x0000000100000000)
  eden space 49152K, 100% used [0x00000000eab00000,0x00000000edb00000,0x00000000edb00000)
  from space 8192K, 99% used [0x00000000edb00000,0x00000000ee2f8f88,0x00000000ee300000)
  to   space 8192K, 0% used [0x00000000f1300000,0x00000000f1300000,0x00000000f1b00000)
 ParOldGen       total 131072K, used 1503K [0x00000000c0000000, 0x00000000c8000000, 0x00000000eab00000)
  object space 131072K, 1% used [0x00000000c0000000,0x00000000c0177f60,0x00000000c8000000)
 Metaspace       used 6040K, capacity 7088K, committed 7296K, reserved 1056768K
  class space    used 590K, capacity 616K, committed 640K, reserved 1048576K
Event: 2.006 GC heap after
Heap after GC invocations=2 (full 0):
 PSYoungGen      total 106496K, used 8167K [0x00000000eab00000, 0x00000000f1b00000, 0x0000000100000000)
  eden space 98304K, 0% used [0x00000000eab00000,0x00000000eab00000,0x00000000f0b00000)
  from space 8192K, 99% used [0x00000000f1300000,0x00000000f1af9de8,0x00000000f1b00000)
  to   space 8192K, 0% used [0x00000000f0b00000,0x00000000f0b00000,0x00000000f1300000)
 ParOldGen       total 131072K, used 6534K [0x00000000c0000000, 0x00000000c8000000, 0x00000000eab00000)
  object space 131072K, 4% used [0x00000000c0000000,0x00000000c0661ab8,0x00000000c8000000)
 Metaspace       used 6040K, capacity 7088K, committed 7296K, reserved 1056768K
  class space    used 590K, capacity 616K, committed 640K, reserved 1048576K
}

Deoptimization events (10 events):
Event: 1.049 Thread 0x00000000182e8000 Uncommon trap: reason=bimorphic action=maybe_recompile pc=0x0000000002c66c1c method=java.util.HashMap.getNode(ILjava/lang/Object;)Ljava/util/HashMap$Node; @ 126
Event: 1.049 Thread 0x00000000182e8000 Uncommon trap: reason=class_check action=maybe_recompile pc=0x0000000002d2a11c method=java.util.HashMap.putVal(ILjava/lang/Object;Ljava/lang/Object;ZZ)Ljava/lang/Object; @ 203
Event: 1.049 Thread 0x00000000182e8000 Uncommon trap: reason=bimorphic action=maybe_recompile pc=0x0000000002c56754 method=java.util.HashMap.getNode(ILjava/lang/Object;)Ljava/util/HashMap$Node; @ 126
Event: 1.050 Thread 0x000000001769b800 Uncommon trap: reason=bimorphic action=maybe_recompile pc=0x0000000002e0ebc8 method=com.android.dx.ssa.LiteralOpUpgrader.tryReplacingWithConstant(Lcom/android/dx/ssa/NormalSsaInsn;)Z @ 52
Event: 1.131 Thread 0x0000000017865000 Uncommon trap: reason=unstable_if action=reinterpret pc=0x0000000002e4b9e8 method=com.android.dx.ssa.SCCP.simulateStmt(Lcom/android/dx/ssa/SsaInsn;)V @ 59
Event: 1.174 Thread 0x00000000027ce800 Uncommon trap: reason=null_check action=make_not_entrant pc=0x0000000002cbc914 method=com.android.dx.ssa.SsaRenamer.getLocalForNewReg(I)Lcom/android/dx/rop/code/LocalItem; @ 19
Event: 1.429 Thread 0x00000000027ce800 Uncommon trap: reason=bimorphic action=maybe_recompile pc=0x0000000002ed1cac method=com.android.dx.cf.code.BytecodeArray.parseInstruction(ILcom/android/dx/cf/code/BytecodeArray$Visitor;)I @ 1130
Event: 1.429 Thread 0x00000000027ce800 Uncommon trap: reason=bimorphic action=maybe_recompile pc=0x0000000002ed19d0 method=com.android.dx.cf.code.BytecodeArray.parseInstruction(ILcom/android/dx/cf/code/BytecodeArray$Visitor;)I @ 971
Event: 1.429 Thread 0x00000000027ce800 Uncommon trap: reason=bimorphic action=maybe_recompile pc=0x0000000002ed1a50 method=com.android.dx.cf.code.BytecodeArray.parseInstruction(ILcom/android/dx/cf/code/BytecodeArray$Visitor;)I @ 987
Event: 1.429 Thread 0x00000000027ce800 Uncommon trap: reason=bimorphic action=maybe_recompile pc=0x0000000002ed1a50 method=com.android.dx.cf.code.BytecodeArray.parseInstruction(ILcom/android/dx/cf/code/BytecodeArray$Visitor;)I @ 987

Internal exceptions (4 events):
Event: 0.035 Thread 0x00000000027ce800 Exception <a 'java/lang/NoSuchMethodError': Method sun.misc.Unsafe.defineClass(Ljava/lang/String;[BII)Ljava/lang/Class; name or signature does not match> (0x00000000eab0dd50) thrown at [C:\workspace\8-2-build-windows-amd64-cygwin\jdk8u65\4987\hotspot\src\sF@rÏc.¢?
Event: 0.036 Thread 0x00000000027ce800 Exception <a 'java/lang/NoSuchMethodError': Method sun.misc.Unsafe.prefetchRead(Ljava/lang/Object;J)V name or signature does not match> (0x00000000eab0e038) thrown at [C:\workspace\8-2-build-windows-amd64-cygwin\jdk8u65\4987\hotspot\src\share\vm\prims\jni.´ž çé?
Event: 0.809 Thread 0x00000000182e8000 Implicit null exception at 0x0000000002ceb2e0 to 0x0000000002cec445
Event: 1.174 Thread 0x00000000027ce800 Implicit null exception at 0x0000000002cbaa2a to 0x0000000002cbc8ed

Events (10 events):
Event: 1.429 Thread 0x00000000027ce800 Uncommon trap: trap_request=0xffffffc6 fr.pc=0x0000000002ed1a50
Event: 1.429 Thread 0x00000000027ce800 DEOPT PACKING pc=0x0000000002ed1a50 sp=0x00000000026ee570
Event: 1.429 Thread 0x00000000027ce800 DEOPT UNPACKING pc=0x000000000291582a sp=0x00000000026ee4f8 mode 2
Event: 1.447 loading class java/util/HashMap$KeySet
Event: 1.447 loading class java/util/HashMap$KeySet done
Event: 1.447 loading class java/util/HashMap$KeyIterator
Event: 1.447 loading class java/util/HashMap$KeyIterator done
Event: 1.571 Thread 0x0000000017865000 Thread exited: 0x0000000017865000
Event: 1.573 Executing VM operation: ParallelGCFailedAllocation
Event: 2.006 Executing VM operation: ParallelGCFailedAllocation done


Dynamic libraries:
0x00007ff68f870000 - 0x00007ff68f8a7000 	C:\Program Files\Java\jdk1.8.0_65\bin\java.exe
0x00007ff903300000 - 0x00007ff9034ad000 	C:\WINDOWS\SYSTEM32\ntdll.dll
0x00007ff901650000 - 0x00007ff90178e000 	C:\WINDOWS\system32\KERNEL32.DLL
0x00007ff9005f0000 - 0x00007ff900705000 	C:\WINDOWS\system32\KERNELBASE.dll
0x00007ff8fefd0000 - 0x00007ff8ff05e000 	C:\WINDOWS\system32\apphelp.dll
0x00007ff8f9df0000 - 0x00007ff8f9e43000 	C:\WINDOWS\AppPatch\AppPatch64\AcGenral.DLL
0x00007ff900c80000 - 0x00007ff900d2a000 	C:\WINDOWS\system32\msvcrt.dll
0x00007ff900950000 - 0x00007ff90097e000 	C:\WINDOWS\system32\SspiCli.dll
0x00007ff900d90000 - 0x00007ff900de4000 	C:\WINDOWS\system32\SHLWAPI.dll
0x00007ff903180000 - 0x00007ff9032f7000 	C:\WINDOWS\system32\USER32.dll
0x00007ff900df0000 - 0x00007ff900f84000 	C:\WINDOWS\system32\ole32.dll
0x00007ff901c40000 - 0x00007ff903168000 	C:\WINDOWS\system32\SHELL32.dll
0x00007ff8ff9a0000 - 0x00007ff8ff9c1000 	C:\WINDOWS\SYSTEM32\USERENV.dll
0x00007ff901380000 - 0x00007ff90142a000 	C:\WINDOWS\system32\ADVAPI32.dll
0x00007ff8f7ea0000 - 0x00007ff8f7ebe000 	C:\WINDOWS\SYSTEM32\MPR.dll
0x00007ff901790000 - 0x00007ff9018d0000 	C:\WINDOWS\system32\RPCRT4.dll
0x00007ff900d30000 - 0x00007ff900d89000 	C:\WINDOWS\SYSTEM32\sechost.dll
0x00007ff901430000 - 0x00007ff901641000 	C:\WINDOWS\SYSTEM32\combase.dll
0x00007ff900b30000 - 0x00007ff900c7f000 	C:\WINDOWS\system32\GDI32.dll
0x00007ff900420000 - 0x00007ff900435000 	C:\WINDOWS\SYSTEM32\profapi.dll
0x00007ff8fec60000 - 0x00007ff8fed12000 	C:\WINDOWS\SYSTEM32\SHCORE.dll
0x00007ff900af0000 - 0x00007ff900b26000 	C:\WINDOWS\system32\IMM32.DLL
0x00007ff9011c0000 - 0x00007ff901312000 	C:\WINDOWS\system32\MSCTF.dll
0x00007ff8fe350000 - 0x00007ff8fe5cb000 	C:\WINDOWS\WinSxS\amd64_microsoft.windows.common-controls_6595b64144ccf1df_6.0.9600.18006_none_623f33d3ecbe86e8\COMCTL32.dll
0x000000005f620000 - 0x000000005f6f2000 	C:\Program Files\Java\jdk1.8.0_65\jre\bin\msvcr100.dll
0x000000005db30000 - 0x000000005e3b9000 	C:\Program Files\Java\jdk1.8.0_65\jre\bin\server\jvm.dll
0x00007ff8f7190000 - 0x00007ff8f7199000 	C:\WINDOWS\SYSTEM32\WSOCK32.dll
0x00007ff8fdea0000 - 0x00007ff8fdec2000 	C:\WINDOWS\SYSTEM32\WINMM.dll
0x00007ff8fe0e0000 - 0x00007ff8fe0ea000 	C:\WINDOWS\SYSTEM32\VERSION.dll
0x00007ff900a00000 - 0x00007ff900a07000 	C:\WINDOWS\system32\PSAPI.DLL
0x00007ff901320000 - 0x00007ff90137a000 	C:\WINDOWS\system32\WS2_32.dll
0x00007ff8fde00000 - 0x00007ff8fde2a000 	C:\WINDOWS\SYSTEM32\WINMMBASE.dll
0x00007ff903170000 - 0x00007ff903179000 	C:\WINDOWS\system32\NSI.dll
0x00007ff9005a0000 - 0x00007ff9005ef000 	C:\WINDOWS\SYSTEM32\cfgmgr32.dll
0x00007ff8ff270000 - 0x00007ff8ff298000 	C:\WINDOWS\SYSTEM32\DEVOBJ.dll
0x000000005f5f0000 - 0x000000005f5ff000 	C:\Program Files\Java\jdk1.8.0_65\jre\bin\verify.dll
0x000000005ede0000 - 0x000000005ee09000 	C:\Program Files\Java\jdk1.8.0_65\jre\bin\java.dll
0x000000005edc0000 - 0x000000005edd6000 	C:\Program Files\Java\jdk1.8.0_65\jre\bin\zip.dll

VM Arguments:
jvm_args: -Djava.awt.headless=true -Xmx1024M -Dfile.encoding=windows-1252 -Duser.country=US -Duser.language=en -Duser.variant 
java_command: com.android.dx.command.Main --dex --num-threads=4 --output E:\5 Android Projects\Codepath\Week3\Twitter client\app\build\intermediates\pre-dexed\debug\classes_3da8efdd80982334f094448b671f5da733962960.jar C:\Users\zarko.runjevac\.android\build-cache\d56ed7014d7df1cf385df699ca73403b0b8965c0\output\jars\classes.jar
java_class_path (initial): F:\Development\Android\sdk\build-tools\25.0.3\lib\dx.jar
Launcher Type: SUN_STANDARD

Environment Variables:
JAVA_HOME=C:\Program Files\Java\jdk1.7.0_51
PATH=C:\Program Files (x86)\ImageMagick-6.9.0-Q16;C:\Program Files (x86)\iis express\PHP\v5.5;C:\Program Files (x86)\iis express\PHP\v5.5;C:\Program Files\PHP\v7.0;C:\Program Files (x86)\iis express\PHP\v5.4;C:\ProgramData\Oracle\Java\javapath;C:\Program Files (x86)\iis express\PHP\v5.4;C:\WINDOWS\system32;C:\WINDOWS;C:\WINDOWS\System32\Wbem;C:\WINDOWS\System32\WindowsPowerShell\v1.0\;C:\WINDOWS\idmu\common;C:\Program Files\Microsoft\Web Platform Installer\;C:\Program Files (x86)\Microsoft ASP.NET\ASP.NET Web Pages\v1.0\;C:\Program Files\Microsoft SQL Server\110\Tools\Binn\;C:\Program Files (x86)\Microsoft SQL Server\110\Tools\Binn\ManagementStudio\;C:\Program Files (x86)\Microsoft SQL Server\110\Tools\Binn\;C:\Program Files (x86)\Microsoft SQL Server\110\DTS\Binn\;C:\Program Files (x86)\Dell\SysMgt\shared\bin;C:\Program Files (x86)\QuickTime\QTSystem\;C:\Program Files (x86)\Nmap;C:\Program Files\MySQL\MySQL Server 5.1\bin;C:\Program Files (x86)\Windows Kits\8.1\Windows Performance Toolkit\;C:\Program Files (x86)\Skype\Phone\;C:\Program Files (x86)\Windows Live\Shared;C:\Program Files\PostgreSQL\pg96\bin;C:\Program Files\Git\cmd;C:\ProgramData\chocolatey\bin;C:\Ruby23-x64\bin;C:\RailsInstaller\Git\cmd;C:\Program Files (x86)\Nmap;C:\phantomjs-2.1.1-windows\bin;C:\Users\zarko.runjevac\AppData\Roaming\npm;C:\Program Files (x86)\Microsoft VS Code\bin;C:\Program Files\nodejs;C:\Program Files\Java\jdk1.8.0_65\bin;C:\Program Files\MongoDB\Server\3.2\bin;C:\Program Files\chromedriver_win32;C:\Program Files\Heroku\bin;C:\Program Files (x86)\Mozilla Firefox;C:\Program Files (x86)\GnuWin32\bin
USERNAME=zarko.runjevac
OS=Windows_NT
PROCESSOR_IDENTIFIER=Intel64 Family 6 Model 60 Stepping 3, GenuineIntel



---------------  S Y S T E M  ---------------

OS: Windows 8.1 , 64 bit Build 9600 (6.3.9600.17415)

CPU:total 8 (4 cores per cpu, 2 threads per core) family 6 model 60 stepping 3, cmov, cx8, fxsr, mmx, sse, sse2, sse3, ssse3, sse4.1, sse4.2, popcnt, avx, avx2, aes, clmul, erms, rtm, lzcnt, ht, tsc, tscinvbit, bmi1, bmi2

Memory: 4k page, physical 12532960k(780556k free), swap 15678688k(5284k free)

vm_info: Java HotSpot(TM) 64-Bit Server VM (25.65-b01) for windows-amd64 JRE (1.8.0_65-b17), built on Oct  6 2015 16:39:20 by "java_re" with MS VC++ 10.0 (VS2010)

time: Tue Oct 17 14:29:45 2017
elapsed time: 2 seconds (0d 0h 0m 2s)

