#
# There is insufficient memory for the Java Runtime Environment to continue.
# Native memory allocation (malloc) failed to allocate 1706976 bytes for Chunk::new
# Possible reasons:
#   The system is out of physical RAM or swap space
#   In 32 bit mode, the process size limit was hit
# Possible solutions:
#   Reduce memory load on the system
#   Increase physical memory or swap space
#   Check if swap backing store is full
#   Use 64 bit Java on a 64 bit OS
#   Decrease Java heap size (-Xmx/-Xms)
#   Decrease number of Java threads
#   Decrease Java thread stack sizes (-Xss)
#   Set larger code cache with -XX:ReservedCodeCacheSize=
# This output file may be truncated or incomplete.
#
#  Out of Memory Error (allocation.cpp:390), pid=8000, tid=11084
#
# JRE version: Java(TM) SE Runtime Environment (8.0_65-b17) (build 1.8.0_65-b17)
# Java VM: Java HotSpot(TM) 64-Bit Server VM (25.65-b01 mixed mode windows-amd64 compressed oops)
# Failed to write core dump. Minidumps are not enabled by default on client versions of Windows
#

---------------  T H R E A D  ---------------

Current thread (0x00000000179cf000):  JavaThread "C2 CompilerThread0" daemon [_thread_in_native, id=11084, stack(0x0000000017fa0000,0x00000000180a0000)]

Stack: [0x0000000017fa0000,0x00000000180a0000]
[error occurred during error reporting (printing stack bounds), id 0xc0000005]

Native frames: (J=compiled Java code, j=interpreted, Vv=VM code, C=native code)


Current CompileTask:
C2:   4829 2023   !   4       com.android.dx.cf.code.BytecodeArray::parseInstruction (2764 bytes)


---------------  P R O C E S S  ---------------

Java Threads: ( => current thread )
  0x0000000017ce7800 JavaThread "pool-1-thread-4" [_thread_blocked, id=8292, stack(0x00000000191a0000,0x00000000192a0000)]
  0x0000000017ce6800 JavaThread "pool-1-thread-3" [_thread_blocked, id=14000, stack(0x00000000190a0000,0x00000000191a0000)]
  0x0000000017c81000 JavaThread "pool-1-thread-2" [_thread_blocked, id=8508, stack(0x0000000018fa0000,0x00000000190a0000)]
  0x0000000017d43800 JavaThread "pool-2-thread-1" [_thread_blocked, id=9808, stack(0x0000000018ea0000,0x0000000018fa0000)]
  0x0000000017d43000 JavaThread "pool-1-thread-1" [_thread_blocked, id=1952, stack(0x0000000018da0000,0x0000000018ea0000)]
  0x0000000017a17800 JavaThread "Service Thread" daemon [_thread_blocked, id=4576, stack(0x00000000183a0000,0x00000000184a0000)]
  0x00000000179dc800 JavaThread "C1 CompilerThread3" daemon [_thread_blocked, id=13256, stack(0x00000000182a0000,0x00000000183a0000)]
  0x00000000179da000 JavaThread "C2 CompilerThread2" daemon [_thread_in_native, id=5716, stack(0x00000000181a0000,0x00000000182a0000)]
  0x00000000179d6000 JavaThread "C2 CompilerThread1" daemon [_thread_in_native, id=12748, stack(0x00000000180a0000,0x00000000181a0000)]
=>0x00000000179cf000 JavaThread "C2 CompilerThread0" daemon [_thread_in_native, id=11084, stack(0x0000000017fa0000,0x00000000180a0000)]
  0x00000000179c8000 JavaThread "Attach Listener" daemon [_thread_blocked, id=4564, stack(0x0000000017ea0000,0x0000000017fa0000)]
  0x00000000179c5800 JavaThread "Signal Dispatcher" daemon [_thread_blocked, id=9056, stack(0x0000000017da0000,0x0000000017ea0000)]
  0x0000000002dba000 JavaThread "Finalizer" daemon [_thread_blocked, id=13296, stack(0x00000000177c0000,0x00000000178c0000)]
  0x00000000158dd000 JavaThread "Reference Handler" daemon [_thread_blocked, id=2800, stack(0x00000000176c0000,0x00000000177c0000)]
  0x0000000002cae800 JavaThread "main" [_thread_blocked, id=11424, stack(0x0000000002b80000,0x0000000002c80000)]

Other Threads:
  0x00000000158d9000 VMThread [stack: 0x00000000175c0000,0x00000000176c0000] [id=2216]
  0x0000000017a89000 WatcherThread [stack: 0x00000000184a0000,0x00000000185a0000] [id=12720]

VM state:not at safepoint (normal execution)

VM Mutex/Monitor currently owned by a thread: None

Heap:
 PSYoungGen      total 106496K, used 36603K [0x00000000eab00000, 0x00000000f1b00000, 0x0000000100000000)
  eden space 98304K, 28% used [0x00000000eab00000,0x00000000ec6c5160,0x00000000f0b00000)
  from space 8192K, 99% used [0x00000000f1300000,0x00000000f1af9cb8,0x00000000f1b00000)
  to   space 8192K, 0% used [0x00000000f0b00000,0x00000000f0b00000,0x00000000f1300000)
 ParOldGen       total 131072K, used 6958K [0x00000000c0000000, 0x00000000c8000000, 0x00000000eab00000)
  object space 131072K, 5% used [0x00000000c0000000,0x00000000c06cbaa8,0x00000000c8000000)
 Metaspace       used 6334K, capacity 7152K, committed 7296K, reserved 1056768K
  class space    used 600K, capacity 616K, committed 640K, reserved 1048576K

Card table byte_map: [0x0000000012180000,0x0000000012390000] byte_map_base: 0x0000000011b80000

Marking Bits: (ParMarkBitMap*) 0x000000005e33a5b0
 Begin Bits: [0x0000000012cf0000, 0x0000000013cf0000)
 End Bits:   [0x0000000013cf0000, 0x0000000014cf0000)

Polling page: 0x0000000001400000

CodeCache: size=245760Kb used=8655Kb max_used=8701Kb free=237104Kb
 bounds [0x0000000002dc0000, 0x0000000003660000, 0x0000000011dc0000]
 total_blobs=2213 nmethods=1943 adapters=182
 compilation: enabled

Compilation events (10 events):
Event: 4.606 Thread 0x00000000179cf000 nmethod 2017 0x000000000362a7d0 code [0x000000000362aa00, 0x000000000362c0f0]
Event: 4.606 Thread 0x00000000179cf000 2021       4       com.android.dx.ssa.back.FirstFitLocalCombiningAllocator$Alignment$3::nextClearBit (6 bytes)
Event: 4.608 Thread 0x00000000179cf000 nmethod 2021 0x00000000035e8810 code [0x00000000035e8960, 0x00000000035e8a98]
Event: 4.608 Thread 0x00000000179cf000 2019       4       com.android.dx.cf.code.Ropper::addBlock (37 bytes)
Event: 4.615 Thread 0x00000000179cf000 nmethod 2019 0x00000000035fe2d0 code [0x00000000035fe440, 0x00000000035feb38]
Event: 4.642 Thread 0x00000000179da000 nmethod 2020 0x0000000003631290 code [0x0000000003631520, 0x0000000003633320]
Event: 4.657 Thread 0x00000000179cf000 2023   !   4       com.android.dx.cf.code.BytecodeArray::parseInstruction (2764 bytes)
Event: 4.667 Thread 0x00000000179da000 2024       4       com.android.dx.cf.code.Simulator$SimVisitor::visitConstant (332 bytes)
Event: 4.813 Thread 0x00000000179d6000 nmethod 1960 0x000000000363fa50 code [0x00000000036400a0, 0x0000000003648cb8]
Event: 4.814 Thread 0x00000000179d6000 2026       4       com.android.dx.ssa.PhiTypeResolver::run (179 bytes)

GC Heap History (4 events):
Event: 1.506 GC heap before
{Heap before GC invocations=1 (full 0):
 PSYoungGen      total 57344K, used 49152K [0x00000000eab00000, 0x00000000eeb00000, 0x0000000100000000)
  eden space 49152K, 100% used [0x00000000eab00000,0x00000000edb00000,0x00000000edb00000)
  from space 8192K, 0% used [0x00000000ee300000,0x00000000ee300000,0x00000000eeb00000)
  to   space 8192K, 0% used [0x00000000edb00000,0x00000000edb00000,0x00000000ee300000)
 ParOldGen       total 131072K, used 0K [0x00000000c0000000, 0x00000000c8000000, 0x00000000eab00000)
  object space 131072K, 0% used [0x00000000c0000000,0x00000000c0000000,0x00000000c8000000)
 Metaspace       used 6120K, capacity 7024K, committed 7296K, reserved 1056768K
  class space    used 599K, capacity 616K, committed 640K, reserved 1048576K
Event: 1.815 GC heap after
Heap after GC invocations=1 (full 0):
 PSYoungGen      total 57344K, used 8174K [0x00000000eab00000, 0x00000000f1b00000, 0x0000000100000000)
  eden space 49152K, 0% used [0x00000000eab00000,0x00000000eab00000,0x00000000edb00000)
  from space 8192K, 99% used [0x00000000edb00000,0x00000000ee2fbaa8,0x00000000ee300000)
  to   space 8192K, 0% used [0x00000000f1300000,0x00000000f1300000,0x00000000f1b00000)
 ParOldGen       total 131072K, used 1049K [0x00000000c0000000, 0x00000000c8000000, 0x00000000eab00000)
  object space 131072K, 0% used [0x00000000c0000000,0x00000000c0106780,0x00000000c8000000)
 Metaspace       used 6120K, capacity 7024K, committed 7296K, reserved 1056768K
  class space    used 599K, capacity 616K, committed 640K, reserved 1048576K
}
Event: 2.676 GC heap before
{Heap before GC invocations=2 (full 0):
 PSYoungGen      total 57344K, used 57326K [0x00000000eab00000, 0x00000000f1b00000, 0x0000000100000000)
  eden space 49152K, 100% used [0x00000000eab00000,0x00000000edb00000,0x00000000edb00000)
  from space 8192K, 99% used [0x00000000edb00000,0x00000000ee2fbaa8,0x00000000ee300000)
  to   space 8192K, 0% used [0x00000000f1300000,0x00000000f1300000,0x00000000f1b00000)
 ParOldGen       total 131072K, used 1049K [0x00000000c0000000, 0x00000000c8000000, 0x00000000eab00000)
  object space 131072K, 0% used [0x00000000c0000000,0x00000000c0106780,0x00000000c8000000)
 Metaspace       used 6285K, capacity 7088K, committed 7296K, reserved 1056768K
  class space    used 599K, capacity 616K, committed 640K, reserved 1048576K
Event: 3.140 GC heap after
Heap after GC invocations=2 (full 0):
 PSYoungGen      total 106496K, used 8167K [0x00000000eab00000, 0x00000000f1b00000, 0x0000000100000000)
  eden space 98304K, 0% used [0x00000000eab00000,0x00000000eab00000,0x00000000f0b00000)
  from space 8192K, 99% used [0x00000000f1300000,0x00000000f1af9cb8,0x00000000f1b00000)
  to   space 8192K, 0% used [0x00000000f0b00000,0x00000000f0b00000,0x00000000f1300000)
 ParOldGen       total 131072K, used 6958K [0x00000000c0000000, 0x00000000c8000000, 0x00000000eab00000)
  object space 131072K, 5% used [0x00000000c0000000,0x00000000c06cbaa8,0x00000000c8000000)
 Metaspace       used 6285K, capacity 7088K, committed 7296K, reserved 1056768K
  class space    used 599K, capacity 616K, committed 640K, reserved 1048576K
}

Deoptimization events (10 events):
Event: 4.218 Thread 0x0000000017c81000 Uncommon trap: reason=bimorphic action=maybe_recompile pc=0x00000000030e41a8 method=java.util.HashMap.getNode(ILjava/lang/Object;)Ljava/util/HashMap$Node; @ 126
Event: 4.218 Thread 0x0000000017c81000 Uncommon trap: reason=class_check action=maybe_recompile pc=0x00000000032d82fc method=java.util.HashMap.putVal(ILjava/lang/Object;Ljava/lang/Object;ZZ)Ljava/lang/Object; @ 203
Event: 4.218 Thread 0x0000000017c81000 Uncommon trap: reason=bimorphic action=maybe_recompile pc=0x00000000030e41a8 method=java.util.HashMap.getNode(ILjava/lang/Object;)Ljava/util/HashMap$Node; @ 126
Event: 4.218 Thread 0x0000000017c81000 Uncommon trap: reason=class_check action=maybe_recompile pc=0x00000000032d82fc method=java.util.HashMap.putVal(ILjava/lang/Object;Ljava/lang/Object;ZZ)Ljava/lang/Object; @ 203
Event: 4.218 Thread 0x0000000017c81000 Uncommon trap: reason=bimorphic action=maybe_recompile pc=0x00000000030e41a8 method=java.util.HashMap.getNode(ILjava/lang/Object;)Ljava/util/HashMap$Node; @ 126
Event: 4.218 Thread 0x0000000017c81000 Uncommon trap: reason=unstable_if action=reinterpret pc=0x00000000031c3d9c method=com.android.dx.rop.cst.Constant.compareTo(Lcom/android/dx/rop/cst/Constant;)I @ 12
Event: 4.219 Thread 0x0000000017c81000 Uncommon trap: reason=bimorphic action=maybe_recompile pc=0x00000000032d833c method=java.util.HashMap.putVal(ILjava/lang/Object;Ljava/lang/Object;ZZ)Ljava/lang/Object; @ 91
Event: 4.657 Thread 0x0000000017c81000 Uncommon trap: reason=bimorphic action=maybe_recompile pc=0x0000000003512f8c method=com.android.dx.cf.code.BytecodeArray.parseInstruction(ILcom/android/dx/cf/code/BytecodeArray$Visitor;)I @ 2135
Event: 4.657 Thread 0x0000000017c81000 Uncommon trap: reason=bimorphic action=maybe_recompile pc=0x0000000003516c18 method=com.android.dx.cf.code.BytecodeArray.parseInstruction(ILcom/android/dx/cf/code/BytecodeArray$Visitor;)I @ 2484
Event: 4.657 Thread 0x0000000017c81000 Uncommon trap: reason=bimorphic action=maybe_recompile pc=0x0000000003512f8c method=com.android.dx.cf.code.BytecodeArray.parseInstruction(ILcom/android/dx/cf/code/BytecodeArray$Visitor;)I @ 2135

Internal exceptions (4 events):
Event: 0.032 Thread 0x0000000002cae800 Exception <a 'java/lang/NoSuchMethodError': Method sun.misc.Unsafe.defineClass(Ljava/lang/String;[BII)Ljava/lang/Class; name or signature does not match> (0x00000000eab0dc20) thrown at [C:\workspace\8-2-build-windows-amd64-cygwin\jdk8u65\4987\hotspot\src\s¶ûÌ+ = ?
Event: 0.032 Thread 0x0000000002cae800 Exception <a 'java/lang/NoSuchMethodError': Method sun.misc.Unsafe.prefetchRead(Ljava/lang/Object;J)V name or signature does not match> (0x00000000eab0df08) thrown at [C:\workspace\8-2-build-windows-amd64-cygwin\jdk8u65\4987\hotspot\src\share\vm\prims\jni.Ø†A=;Zÿ?
Event: 1.960 Thread 0x0000000017ce7800 Implicit null exception at 0x00000000032c1ce0 to 0x00000000032c2e41
Event: 4.034 Thread 0x0000000017ce6800 Implicit null exception at 0x00000000035b19e8 to 0x00000000035b64a5

Events (10 events):
Event: 4.219 Thread 0x0000000017c81000 DEOPT UNPACKING pc=0x0000000002e0582a sp=0x000000001909ea98 mode 2
Event: 4.657 Thread 0x0000000017c81000 Uncommon trap: trap_request=0xffffffc6 fr.pc=0x0000000003512f8c
Event: 4.657 Thread 0x0000000017c81000 DEOPT PACKING pc=0x0000000003512f8c sp=0x000000001909ea60
Event: 4.657 Thread 0x0000000017c81000 DEOPT UNPACKING pc=0x0000000002e0582a sp=0x000000001909ea40 mode 2
Event: 4.657 Thread 0x0000000017c81000 Uncommon trap: trap_request=0xffffffc6 fr.pc=0x0000000003516c18
Event: 4.657 Thread 0x0000000017c81000 DEOPT PACKING pc=0x0000000003516c18 sp=0x000000001909ea60
Event: 4.657 Thread 0x0000000017c81000 DEOPT UNPACKING pc=0x0000000002e0582a sp=0x000000001909ea38 mode 2
Event: 4.657 Thread 0x0000000017c81000 Uncommon trap: trap_request=0xffffffc6 fr.pc=0x0000000003512f8c
Event: 4.657 Thread 0x0000000017c81000 DEOPT PACKING pc=0x0000000003512f8c sp=0x000000001909eac0
Event: 4.657 Thread 0x0000000017c81000 DEOPT UNPACKING pc=0x0000000002e0582a sp=0x000000001909eaa0 mode 2


Dynamic libraries:
0x00007ff68f870000 - 0x00007ff68f8a7000 	C:\Program Files\Java\jdk1.8.0_65\bin\java.exe
0x00007ff903300000 - 0x00007ff9034ad000 	C:\WINDOWS\SYSTEM32\ntdll.dll
0x00007ff901650000 - 0x00007ff90178e000 	C:\WINDOWS\system32\KERNEL32.DLL
0x00007ff9005f0000 - 0x00007ff900705000 	C:\WINDOWS\system32\KERNELBASE.dll
0x00007ff8fefd0000 - 0x00007ff8ff05e000 	C:\WINDOWS\system32\apphelp.dll
0x00007ff8f9df0000 - 0x00007ff8f9e43000 	C:\WINDOWS\AppPatch\AppPatch64\AcGenral.DLL
0x00007ff900c80000 - 0x00007ff900d2a000 	C:\WINDOWS\system32\msvcrt.dll
0x00007ff900950000 - 0x00007ff90097e000 	C:\WINDOWS\system32\SspiCli.dll
0x00007ff900d90000 - 0x00007ff900de4000 	C:\WINDOWS\system32\SHLWAPI.dll
0x00007ff903180000 - 0x00007ff9032f7000 	C:\WINDOWS\system32\USER32.dll
0x00007ff900df0000 - 0x00007ff900f84000 	C:\WINDOWS\system32\ole32.dll
0x00007ff901c40000 - 0x00007ff903168000 	C:\WINDOWS\system32\SHELL32.dll
0x00007ff8ff9a0000 - 0x00007ff8ff9c1000 	C:\WINDOWS\SYSTEM32\USERENV.dll
0x00007ff901380000 - 0x00007ff90142a000 	C:\WINDOWS\system32\ADVAPI32.dll
0x00007ff8f7ea0000 - 0x00007ff8f7ebe000 	C:\WINDOWS\SYSTEM32\MPR.dll
0x00007ff901790000 - 0x00007ff9018d0000 	C:\WINDOWS\system32\RPCRT4.dll
0x00007ff900d30000 - 0x00007ff900d89000 	C:\WINDOWS\SYSTEM32\sechost.dll
0x00007ff901430000 - 0x00007ff901641000 	C:\WINDOWS\SYSTEM32\combase.dll
0x00007ff900b30000 - 0x00007ff900c7f000 	C:\WINDOWS\system32\GDI32.dll
0x00007ff900420000 - 0x00007ff900435000 	C:\WINDOWS\SYSTEM32\profapi.dll
0x00007ff8fec60000 - 0x00007ff8fed12000 	C:\WINDOWS\SYSTEM32\SHCORE.dll
0x00007ff900af0000 - 0x00007ff900b26000 	C:\WINDOWS\system32\IMM32.DLL
0x00007ff9011c0000 - 0x00007ff901312000 	C:\WINDOWS\system32\MSCTF.dll
0x00007ff8fe350000 - 0x00007ff8fe5cb000 	C:\WINDOWS\WinSxS\amd64_microsoft.windows.common-controls_6595b64144ccf1df_6.0.9600.18006_none_623f33d3ecbe86e8\COMCTL32.dll
0x000000005f620000 - 0x000000005f6f2000 	C:\Program Files\Java\jdk1.8.0_65\jre\bin\msvcr100.dll
0x000000005db30000 - 0x000000005e3b9000 	C:\Program Files\Java\jdk1.8.0_65\jre\bin\server\jvm.dll
0x00007ff8f7190000 - 0x00007ff8f7199000 	C:\WINDOWS\SYSTEM32\WSOCK32.dll
0x00007ff8fdea0000 - 0x00007ff8fdec2000 	C:\WINDOWS\SYSTEM32\WINMM.dll
0x00007ff8fe0e0000 - 0x00007ff8fe0ea000 	C:\WINDOWS\SYSTEM32\VERSION.dll
0x00007ff900a00000 - 0x00007ff900a07000 	C:\WINDOWS\system32\PSAPI.DLL
0x00007ff901320000 - 0x00007ff90137a000 	C:\WINDOWS\system32\WS2_32.dll
0x00007ff8fde00000 - 0x00007ff8fde2a000 	C:\WINDOWS\SYSTEM32\WINMMBASE.dll
0x00007ff903170000 - 0x00007ff903179000 	C:\WINDOWS\system32\NSI.dll
0x00007ff9005a0000 - 0x00007ff9005ef000 	C:\WINDOWS\SYSTEM32\cfgmgr32.dll
0x00007ff8ff270000 - 0x00007ff8ff298000 	C:\WINDOWS\SYSTEM32\DEVOBJ.dll
0x000000005f5f0000 - 0x000000005f5ff000 	C:\Program Files\Java\jdk1.8.0_65\jre\bin\verify.dll
0x000000005ede0000 - 0x000000005ee09000 	C:\Program Files\Java\jdk1.8.0_65\jre\bin\java.dll
0x000000005edc0000 - 0x000000005edd6000 	C:\Program Files\Java\jdk1.8.0_65\jre\bin\zip.dll

VM Arguments:
jvm_args: -Djava.awt.headless=true -Xmx1024M -Dfile.encoding=windows-1252 -Duser.country=US -Duser.language=en -Duser.variant 
java_command: com.android.dx.command.Main --dex --num-threads=4 --output E:\5 Android Projects\Codepath\Week3\Twitter client\app\build\intermediates\pre-dexed\debug\httpclient-4.3.6_2ee083be669440bf564c9b88e254ff29921c85fa.jar C:\Users\zarko.runjevac\.gradle\caches\modules-2\files-2.1\cz.msebera.android\httpclient\4.3.6\526a9f794eab830eae4f23a62c572878b3f491ab\httpclient-4.3.6.jar
java_class_path (initial): F:\Development\Android\sdk\build-tools\25.0.3\lib\dx.jar
Launcher Type: SUN_STANDARD

Environment Variables:
JAVA_HOME=C:\Program Files\Java\jdk1.7.0_51
PATH=C:\Program Files (x86)\ImageMagick-6.9.0-Q16;C:\Program Files (x86)\iis express\PHP\v5.5;C:\Program Files (x86)\iis express\PHP\v5.5;C:\Program Files\PHP\v7.0;C:\Program Files (x86)\iis express\PHP\v5.4;C:\ProgramData\Oracle\Java\javapath;C:\Program Files (x86)\iis express\PHP\v5.4;C:\WINDOWS\system32;C:\WINDOWS;C:\WINDOWS\System32\Wbem;C:\WINDOWS\System32\WindowsPowerShell\v1.0\;C:\WINDOWS\idmu\common;C:\Program Files\Microsoft\Web Platform Installer\;C:\Program Files (x86)\Microsoft ASP.NET\ASP.NET Web Pages\v1.0\;C:\Program Files\Microsoft SQL Server\110\Tools\Binn\;C:\Program Files (x86)\Microsoft SQL Server\110\Tools\Binn\ManagementStudio\;C:\Program Files (x86)\Microsoft SQL Server\110\Tools\Binn\;C:\Program Files (x86)\Microsoft SQL Server\110\DTS\Binn\;C:\Program Files (x86)\Dell\SysMgt\shared\bin;C:\Program Files (x86)\QuickTime\QTSystem\;C:\Program Files (x86)\Nmap;C:\Program Files\MySQL\MySQL Server 5.1\bin;C:\Program Files (x86)\Windows Kits\8.1\Windows Performance Toolkit\;C:\Program Files (x86)\Skype\Phone\;C:\Program Files (x86)\Windows Live\Shared;C:\Program Files\PostgreSQL\pg96\bin;C:\Program Files\Git\cmd;C:\ProgramData\chocolatey\bin;C:\Ruby23-x64\bin;C:\RailsInstaller\Git\cmd;C:\Program Files (x86)\Nmap;C:\phantomjs-2.1.1-windows\bin;C:\Users\zarko.runjevac\AppData\Roaming\npm;C:\Program Files (x86)\Microsoft VS Code\bin;C:\Program Files\nodejs;C:\Program Files\Java\jdk1.8.0_65\bin;C:\Program Files\MongoDB\Server\3.2\bin;C:\Program Files\chromedriver_win32;C:\Program Files\Heroku\bin;C:\Program Files (x86)\Mozilla Firefox;C:\Program Files (x86)\GnuWin32\bin
USERNAME=zarko.runjevac
OS=Windows_NT
PROCESSOR_IDENTIFIER=Intel64 Family 6 Model 60 Stepping 3, GenuineIntel



---------------  S Y S T E M  ---------------

OS: Windows 8.1 , 64 bit Build 9600 (6.3.9600.17415)

CPU:total 8 (4 cores per cpu, 2 threads per core) family 6 model 60 stepping 3, cmov, cx8, fxsr, mmx, sse, sse2, sse3, ssse3, sse4.1, sse4.2, popcnt, avx, avx2, aes, clmul, erms, rtm, lzcnt, ht, tsc, tscinvbit, bmi1, bmi2

Memory: 4k page, physical 12532960k(706452k free), swap 15678688k(7512k free)

vm_info: Java HotSpot(TM) 64-Bit Server VM (25.65-b01) for windows-amd64 JRE (1.8.0_65-b17), built on Oct  6 2015 16:39:20 by "java_re" with MS VC++ 10.0 (VS2010)

time: Tue Oct 17 14:29:37 2017
elapsed time: 4 seconds (0d 0h 0m 4s)

